<?xml version="1.0" encoding="UTF-8"?>
<!-- Generated by org.testng.reporters.JUnitReportReporter -->
<testsuite skipped="0" hostname="ip-172-31-94-108" name="tests.LoginTest" tests="2" failures="0" timestamp="2021-10-28T07:03:17 UTC" time="12.246" errors="0">
  <testcase name="PositiveLogin" time="7.129" classname="tests.LoginTest"/>
  <system-out/>
  <testcase name="NegativeLogin" time="5.117" classname="tests.LoginTest"/>
  <system-out/>
</testsuite> <!-- tests.LoginTest -->
