<?xml version="1.0" encoding="UTF-8"?>
<!-- Generated by org.testng.reporters.JUnitReportReporter -->
<testsuite skipped="0" hostname="ip-172-31-94-108" name="test.Testcase1" tests="1" failures="0" timestamp="2021-10-25T07:21:11 UTC" time="0.001" errors="0">
  <testcase name="CarLoan" time="0.001" classname="test.Testcase1"/>
  <system-out/>
</testsuite> <!-- test.Testcase1 -->
