<?xml version="1.0" encoding="UTF-8"?>
<!-- Generated by org.testng.reporters.JUnitReportReporter -->
<testsuite skipped="0" hostname="ip-172-31-94-108" name="test.Testcase2" tests="2" failures="0" timestamp="2021-10-25T07:21:11 UTC" time="0.009" errors="0">
  <testcase name="SecondTest" time="0.004" classname="test.Testcase2"/>
  <system-out/>
  <testcase name="ThirdTest" time="0.005" classname="test.Testcase2"/>
  <system-out/>
</testsuite> <!-- test.Testcase2 -->
